2025-10-24 00:32:00,329 [INFO] WebApp:190 - Connection lost
2025-10-24 00:32:02,771 [INFO] WebAppUi:1089 - Web application message: Reloading CAD
2025-10-24 00:32:04,606 [INFO] WebApp:187 - Connection restablished
2025-10-24 00:32:09,027 [INFO] WebApp:190 - Connection lost
2025-10-24 00:32:09,294 [INFO] WebApp:187 - Connection restablished
2025-10-24 01:19:21,627 [INFO] WebAppUi:1089 - Web application message: Reloading CAD
2025-10-24 01:19:23,127 [INFO] WebApp:190 - Connection lost
2025-10-24 01:19:32,895 [INFO] WebApp:187 - Connection restablished
2025-10-24 02:39:55,760 [INFO] WebApp:190 - Connection lost
2025-10-24 02:40:02,238 [INFO] WebAppUi:1089 - Web application message: Reloading CAD
2025-10-24 02:40:13,863 [INFO] WebApp:187 - Connection restablished
2025-10-24 03:10:16,073 [INFO] WebApp:190 - Connection lost
2025-10-24 03:10:19,315 [INFO] WebAppUi:1089 - Web application message: Reloading CAD
2025-10-24 03:10:21,466 [INFO] WebApp:187 - Connection restablished
2025-10-24 03:10:23,715 [INFO] WebApp:190 - Connection lost
2025-10-24 03:10:24,013 [INFO] WebApp:187 - Connection restablished
2025-10-24 03:57:17,487 [INFO] WebApp:190 - Connection lost
2025-10-24 03:57:23,682 [INFO] WebAppUi:1089 - Web application message: Reloading CAD
2025-10-24 03:57:25,463 [INFO] WebApp:187 - Connection restablished
2025-10-24 04:44:34,567 [INFO] WebApp:190 - Connection lost
2025-10-24 04:44:37,638 [INFO] WebAppUi:1089 - Web application message: Reloading CAD
2025-10-24 04:44:39,577 [INFO] WebApp:187 - Connection restablished
2025-10-24 04:44:40,898 [INFO] WebApp:190 - Connection lost
2025-10-24 04:44:41,083 [INFO] WebApp:187 - Connection restablished
2025-10-24 05:31:35,775 [INFO] WebApp:190 - Connection lost
2025-10-24 05:31:37,585 [INFO] WebAppUi:1089 - Web application message: Reloading CAD
2025-10-24 05:31:43,795 [INFO] WebApp:187 - Connection restablished
2025-10-24 06:18:53,214 [INFO] WebApp:190 - Connection lost
2025-10-24 06:18:53,800 [INFO] WebAppUi:1089 - Web application message: Reloading CAD
2025-10-24 06:18:55,749 [INFO] WebApp:187 - Connection restablished
2025-10-24 06:18:57,900 [INFO] WebApp:190 - Connection lost
2025-10-24 06:18:58,100 [INFO] WebApp:187 - Connection restablished
2025-10-24 06:39:31,425 [INFO] WebApp:190 - Connection lost
2025-10-24 06:39:33,792 [INFO] WebAppUi:1089 - Web application message: Reloading CAD
2025-10-24 06:39:35,980 [INFO] WebApp:187 - Connection restablished
2025-10-24 06:39:37,679 [INFO] WebApp:190 - Connection lost
2025-10-24 06:39:37,830 [INFO] WebApp:187 - Connection restablished
2025-10-24 07:26:48,402 [INFO] WebApp:190 - Connection lost
2025-10-24 07:26:54,828 [INFO] WebAppUi:1089 - Web application message: Reloading CAD
2025-10-24 07:26:56,621 [INFO] WebApp:187 - Connection restablished
2025-10-24 08:13:49,526 [INFO] WebApp:190 - Connection lost
2025-10-24 08:13:52,893 [INFO] WebAppUi:1089 - Web application message: Reloading CAD
2025-10-24 08:13:56,683 [INFO] WebApp:187 - Connection restablished
2025-10-24 09:01:04,785 [INFO] WebApp:190 - Connection lost
2025-10-24 09:01:11,197 [INFO] WebAppUi:1089 - Web application message: Reloading CAD
2025-10-24 09:01:12,951 [INFO] WebApp:187 - Connection restablished
2025-10-24 09:48:23,178 [INFO] WebApp:190 - Connection lost
2025-10-24 09:48:28,626 [INFO] WebAppUi:1089 - Web application message: Reloading CAD
2025-10-24 09:48:30,853 [INFO] WebApp:187 - Connection restablished
2025-10-24 10:35:22,839 [INFO] WebApp:190 - Connection lost
2025-10-24 10:35:28,076 [INFO] WebAppUi:1089 - Web application message: Reloading CAD
2025-10-24 10:35:32,620 [INFO] WebApp:187 - Connection restablished
2025-10-24 11:12:54,043 [INFO] WebApp:190 - Connection lost
2025-10-24 11:12:55,979 [INFO] WebAppUi:1089 - Web application message: Reloading CAD
2025-10-24 11:13:00,817 [INFO] WebApp:187 - Connection restablished
2025-10-24 13:26:39,553 [INFO] WebApp:190 - Connection lost
2025-10-24 13:26:40,175 [INFO] WebApp:187 - Connection restablished
2025-10-24 13:26:42,514 [INFO] WebApp:190 - Connection lost
2025-10-24 13:26:42,766 [INFO] WebApp:187 - Connection restablished
2025-10-24 13:31:56,010 [INFO] MainUpdater:2872 - connection check result : 10
2025-10-24 13:31:56,032 [INFO] DocFrame:73 - Open Documents window for Board NUCLEO-F401RE
2025-10-24 17:01:27,039 [INFO] WebApp:190 - Connection lost
2025-10-24 17:01:32,872 [INFO] WebApp:187 - Connection restablished
2025-10-24 17:22:00,068 [INFO] WebApp:190 - Connection lost
2025-10-24 17:22:03,063 [INFO] WebApp:187 - Connection restablished
2025-10-24 17:22:06,814 [INFO] WebApp:190 - Connection lost
2025-10-24 17:22:07,087 [INFO] WebApp:187 - Connection restablished
2025-10-24 17:51:51,628 [INFO] WebApp:190 - Connection lost
2025-10-24 17:51:56,201 [INFO] WebApp:187 - Connection restablished
2025-10-24 17:52:00,060 [INFO] WebApp:190 - Connection lost
2025-10-24 17:52:00,335 [INFO] WebApp:187 - Connection restablished
2025-10-24 18:39:09,027 [INFO] WebApp:190 - Connection lost
2025-10-24 18:39:12,145 [INFO] WebApp:187 - Connection restablished
2025-10-24 18:39:16,336 [INFO] WebApp:190 - Connection lost
2025-10-24 18:39:16,685 [INFO] WebApp:187 - Connection restablished
