19:11:27 **** Incremental Build of configuration Debug for project Badweh_Development ****
make -j16 all 
arm-none-eabi-size  Badweh_Development.elf 
   text	   data	    bss	    dec	    hex	filename
  41432	    716	   6048	  48196	   bc44	Badweh_Development.elf
Finished building: default.size.stdout
 
19:15:04 **** Incremental Build of configuration Debug for project Badweh_Development ****
make -j16 all 
arm-none-eabi-gcc "../modules/i2c/i2c.c" -mcpu=cortex-m4 -std=gnu11 -g3 -DDEBUG -DSTM32F401xE -DUSE_FULL_LL_DRIVER -DHSE_VALUE=8000000 -DHSE_STARTUP_TIMEOUT=100 -DLSE_STARTUP_TIMEOUT=5000 -DLSE_VALUE=32768 -DEXTERNAL_CLOCK_VALUE=12288000 -DHSI_VALUE=16000000 -DLSI_VALUE=32000 -DVDD_VALUE=3300 -DPREFETCH_ENABLE=1 -DINSTRUCTION_CACHE_ENABLE=1 -DDATA_CACHE_ENABLE=1 -c -I../Core/Inc -I../Drivers/STM32F4xx_HAL_Driver/Inc -I../Drivers/CMSIS/Device/ST/STM32F4xx/Include -I../Drivers/CMSIS/Include -I"C:/Users/Sheen/Desktop/Embedded_System/gene_Baremetal_I2CTmphm_RAM_CICD/Badweh_Development/modules/include" -O0 -ffunction-sections -fdata-sections -Wall -fstack-usage -fcyclomatic-complexity -MMD -MP -MF"modules/i2c/i2c.d" -MT"modules/i2c/i2c.o" --specs=nano.specs -mfpu=fpv4-sp-d16 -mfloat-abi=hard -mthumb -o "modules/i2c/i2c.o"
arm-none-eabi-gcc -o "Badweh_Development.elf" @"objects.list"   -mcpu=cortex-m4 -T"C:\Users\Sheen\Desktop\Embedded_System\gene_Baremetal_I2CTmphm_RAM_CICD\Badweh_Development\STM32F401RETX_FLASH.ld" --specs=nosys.specs -Wl,-Map="Badweh_Development.map" -Wl,--gc-sections -static --specs=nano.specs -mfpu=fpv4-sp-d16 -mfloat-abi=hard -mthumb -Wl,--start-group -lc -lm -Wl,--end-group
Finished building target: Badweh_Development.elf
 
arm-none-eabi-size  Badweh_Development.elf 
arm-none-eabi-objdump -h -S Badweh_Development.elf  > "Badweh_Development.list"
arm-none-eabi-objcopy  -O binary Badweh_Development.elf  "Badweh_Development.bin"
   text	   data	    bss	    dec	    hex	filename
  41432	    716	   6048	  48196	   bc44	Badweh_Development.elf
Finished building: default.size.stdout
 
Finished building: Badweh_Development.bin
 
Finished building: Badweh_Development.list
 
19:20:02 **** Incremental Build of configuration Debug for project Badweh_Development ****
make -j16 all 
arm-none-eabi-gcc "../modules/tmphm/tmphm.c" -mcpu=cortex-m4 -std=gnu11 -g3 -DDEBUG -DSTM32F401xE -DUSE_FULL_LL_DRIVER -DHSE_VALUE=8000000 -DHSE_STARTUP_TIMEOUT=100 -DLSE_STARTUP_TIMEOUT=5000 -DLSE_VALUE=32768 -DEXTERNAL_CLOCK_VALUE=12288000 -DHSI_VALUE=16000000 -DLSI_VALUE=32000 -DVDD_VALUE=3300 -DPREFETCH_ENABLE=1 -DINSTRUCTION_CACHE_ENABLE=1 -DDATA_CACHE_ENABLE=1 -c -I../Core/Inc -I../Drivers/STM32F4xx_HAL_Driver/Inc -I../Drivers/CMSIS/Device/ST/STM32F4xx/Include -I../Drivers/CMSIS/Include -I"C:/Users/Sheen/Desktop/Embedded_System/gene_Baremetal_I2CTmphm_RAM_CICD/Badweh_Development/modules/include" -O0 -ffunction-sections -fdata-sections -Wall -fstack-usage -fcyclomatic-complexity -MMD -MP -MF"modules/tmphm/tmphm.d" -MT"modules/tmphm/tmphm.o" --specs=nano.specs -mfpu=fpv4-sp-d16 -mfloat-abi=hard -mthumb -o "modules/tmphm/tmphm.o"
arm-none-eabi-gcc "../modules/i2c/i2c.c" -mcpu=cortex-m4 -std=gnu11 -g3 -DDEBUG -DSTM32F401xE -DUSE_FULL_LL_DRIVER -DHSE_VALUE=8000000 -DHSE_STARTUP_TIMEOUT=100 -DLSE_STARTUP_TIMEOUT=5000 -DLSE_VALUE=32768 -DEXTERNAL_CLOCK_VALUE=12288000 -DHSI_VALUE=16000000 -DLSI_VALUE=32000 -DVDD_VALUE=3300 -DPREFETCH_ENABLE=1 -DINSTRUCTION_CACHE_ENABLE=1 -DDATA_CACHE_ENABLE=1 -c -I../Core/Inc -I../Drivers/STM32F4xx_HAL_Driver/Inc -I../Drivers/CMSIS/Device/ST/STM32F4xx/Include -I../Drivers/CMSIS/Include -I"C:/Users/Sheen/Desktop/Embedded_System/gene_Baremetal_I2CTmphm_RAM_CICD/Badweh_Development/modules/include" -O0 -ffunction-sections -fdata-sections -Wall -fstack-usage -fcyclomatic-complexity -MMD -MP -MF"modules/i2c/i2c.d" -MT"modules/i2c/i2c.o" --specs=nano.specs -mfpu=fpv4-sp-d16 -mfloat-abi=hard -mthumb -o "modules/i2c/i2c.o"
arm-none-eabi-gcc "../app1/app_main.c" -mcpu=cortex-m4 -std=gnu11 -g3 -DDEBUG -DSTM32F401xE -DUSE_FULL_LL_DRIVER -DHSE_VALUE=8000000 -DHSE_STARTUP_TIMEOUT=100 -DLSE_STARTUP_TIMEOUT=5000 -DLSE_VALUE=32768 -DEXTERNAL_CLOCK_VALUE=12288000 -DHSI_VALUE=16000000 -DLSI_VALUE=32000 -DVDD_VALUE=3300 -DPREFETCH_ENABLE=1 -DINSTRUCTION_CACHE_ENABLE=1 -DDATA_CACHE_ENABLE=1 -c -I../Core/Inc -I../Drivers/STM32F4xx_HAL_Driver/Inc -I../Drivers/CMSIS/Device/ST/STM32F4xx/Include -I../Drivers/CMSIS/Include -I"C:/Users/Sheen/Desktop/Embedded_System/gene_Baremetal_I2CTmphm_RAM_CICD/Badweh_Development/modules/include" -O0 -ffunction-sections -fdata-sections -Wall -fstack-usage -fcyclomatic-complexity -MMD -MP -MF"app1/app_main.d" -MT"app1/app_main.o" --specs=nano.specs -mfpu=fpv4-sp-d16 -mfloat-abi=hard -mthumb -o "app1/app_main.o"
arm-none-eabi-gcc -o "Badweh_Development.elf" @"objects.list"   -mcpu=cortex-m4 -T"C:\Users\Sheen\Desktop\Embedded_System\gene_Baremetal_I2CTmphm_RAM_CICD\Badweh_Development\STM32F401RETX_FLASH.ld" --specs=nosys.specs -Wl,-Map="Badweh_Development.map" -Wl,--gc-sections -static --specs=nano.specs -mfpu=fpv4-sp-d16 -mfloat-abi=hard -mthumb -Wl,--start-group -lc -lm -Wl,--end-group
Finished building target: Badweh_Development.elf
 
arm-none-eabi-size  Badweh_Development.elf 
arm-none-eabi-objdump -h -S Badweh_Development.elf  > "Badweh_Development.list"
arm-none-eabi-objcopy  -O binary Badweh_Development.elf  "Badweh_Development.bin"
   text	   data	    bss	    dec	    hex	filename
  42328	    716	   6072	  49116	   bfdc	Badweh_Development.elf
Finished building: default.size.stdout
 
Finished building: Badweh_Development.bin
 
Finished building: Badweh_Development.list
 
